\BOOKMARK [1][-]{section.1}{\376\377\000M\000i\000s\000u\000r\000a\000\040\000c\000o\000m\000p\000o\000n\000e\000n\000t\000i\000\040\000d\000e\000i\000\040\000c\000i\000r\000c\000u\000i\000t\000i}{}% 1
\BOOKMARK [1][-]{section.2}{\376\377\000S\000t\000u\000d\000i\000o\000\040\000d\000e\000l\000\040\000f\000u\000n\000z\000i\000o\000n\000a\000m\000e\000n\000t\000o}{}% 2
\BOOKMARK [2][-]{subsection.2.1}{\376\377\000C\000u\000r\000v\000e\000\040\000t\000r\000a\000c\000e\000r}{section.2}% 3
\BOOKMARK [2][-]{subsection.2.2}{\376\377\000C\000u\000r\000v\000e\000\040\000c\000a\000r\000a\000t\000t\000e\000r\000i\000s\000t\000i\000c\000h\000e\000\040\000o\000t\000t\000e\000n\000u\000t\000e}{section.2}% 4
\BOOKMARK [2][-]{subsection.2.3}{\376\377\000C\000o\000n\000f\000r\000o\000n\000t\000o\000\040\000c\000o\000n\000\040\000d\000a\000t\000a\000s\000h\000e\000e\000t}{section.2}% 5
\BOOKMARK [1][-]{section.3}{\376\377\000A\000m\000p\000l\000i\000f\000i\000c\000a\000t\000o\000r\000e\000\040\000d\000i\000\040\000t\000e\000n\000s\000i\000o\000n\000e\000\040\000e\000\040\000p\000u\000n\000t\000o\000\040\000d\000i\000\040\000l\000a\000v\000o\000r\000o}{}% 6
\BOOKMARK [2][-]{subsection.3.1}{\376\377\000C\000o\000r\000r\000e\000n\000t\000e\000\040\000d\000i\000\040\000q\000u\000i\000e\000s\000c\000e\000n\000z\000a}{section.3}% 7
\BOOKMARK [2][-]{subsection.3.2}{\376\377\000T\000e\000n\000s\000i\000o\000n\000i\000\040\000a\000i\000\040\000t\000e\000r\000m\000i\000n\000a\000l\000i\000\040\000d\000e\000l\000\040\000J\000F\000E\000T}{section.3}% 8
\BOOKMARK [2][-]{subsection.3.3}{\376\377\000S\000t\000i\000m\000a\000\040\000d\000e\000l\000l\000a\000\040\000t\000r\000a\000n\000s\000c\000o\000n\000d\000u\000t\000t\000a\000n\000z\000a\000\040\000g\000m}{section.3}% 9
\BOOKMARK [1][-]{section.4}{\376\377\000A\000m\000p\000l\000i\000f\000i\000c\000a\000z\000i\000o\000n\000e\000\040\000d\000i\000\040\000p\000i\000c\000c\000o\000l\000i\000\040\000s\000e\000g\000n\000a\000l\000i\000\040\000a\000\040\000f\000r\000e\000q\000u\000e\000n\000z\000a\000\040\000f\000i\000s\000s\000a}{}% 10
\BOOKMARK [1][-]{section.5}{\376\377\000R\000i\000s\000p\000o\000s\000t\000a\000\040\000i\000n\000\040\000f\000r\000e\000q\000u\000e\000n\000z\000a}{}% 11
\BOOKMARK [2][-]{subsection.5.1}{\376\377\000N\000e\000t\000w\000o\000r\000k\000\040\000A\000n\000a\000l\000y\000z\000e\000r}{section.5}% 12
\BOOKMARK [2][-]{subsection.5.2}{\376\377\000M\000i\000s\000u\000r\000a\000\040\000d\000e\000l\000l\000e\000\040\000f\000r\000e\000q\000u\000e\000n\000z\000e\000\040\000d\000i\000\040\000t\000a\000g\000l\000i\000o}{section.5}% 13
\BOOKMARK [1][-]{section.6}{\376\377\000A\000u\000m\000e\000n\000t\000o\000\040\000d\000e\000l\000\040\000g\000u\000a\000d\000a\000g\000n\000o\000\040\000c\000o\000n\000\040\000p\000a\000s\000s\000a\000-\000a\000l\000t\000o\000\040\000a\000l\000l\000'\000e\000m\000e\000t\000t\000i\000t\000o\000r\000e}{}% 14
\BOOKMARK [2][-]{subsection.6.1}{\376\377\000M\000o\000d\000i\000f\000i\000c\000a\000\040\000d\000e\000l\000\040\000r\000a\000m\000o\000\040\000d\000i\000\040\000e\000m\000e\000t\000t\000i\000t\000o\000r\000e}{section.6}% 15
\BOOKMARK [2][-]{subsection.6.2}{\376\377\000M\000i\000s\000u\000r\000a\000\040\000d\000e\000l\000\040\000g\000u\000a\000d\000a\000g\000n\000o\000\040\000c\000o\000n\000\040\000C\000S}{section.6}% 16
\BOOKMARK [1][-]{section.7}{\376\377\000I\000m\000p\000e\000d\000e\000n\000z\000a\000\040\000i\000n\000\040\000i\000n\000g\000r\000e\000s\000s\000o}{}% 17
\BOOKMARK [2][-]{subsection.7.1}{\376\377\000S\000t\000i\000m\000a\000\040\000d\000e\000l\000l\000'\000i\000m\000p\000e\000d\000e\000n\000z\000a\000\040\000i\000n\000\040\000i\000n\000g\000r\000e\000s\000s\000o}{section.7}% 18
\BOOKMARK [2][-]{subsection.7.2}{\376\377\000I\000m\000p\000e\000d\000a\000n\000c\000e\000\040\000A\000n\000a\000l\000y\000z\000e\000r}{section.7}% 19
\BOOKMARK [2][-]{subsection.7.3}{\376\377\000C\000o\000n\000f\000r\000o\000n\000t\000o\000\040\000l\000e\000\040\000c\000a\000r\000a\000t\000t\000e\000r\000i\000s\000t\000i\000c\000h\000e\000\040\000d\000e\000l\000\040\000J\000F\000E\000T\000\040\000r\000e\000a\000l\000e}{section.7}% 20
