This is pdfTeX, Version 3.141592653-2.6-1.40.22 (TeX Live 2021/W32TeX) (preloaded format=pdflatex 2021.10.11)  7 APR 2022 00:06
entering extended mode
 \write18 enabled.
 %&-line parsing enabled.
**E01.2.AC.tex
(./E01.2.AC.tex
LaTeX2e <2021-06-01>
L3 programming layer <2021-06-01>
(c:/texlive/2021/texmf-dist/tex/latex/base/article.cls
Document Class: article 2021/02/12 v1.4n Standard LaTeX document class
(c:/texlive/2021/texmf-dist/tex/latex/base/size10.clo
File: size10.clo 2021/02/12 v1.4n Standard LaTeX file (size option)
)
\c@part=\count182
\c@section=\count183
\c@subsection=\count184
\c@subsubsection=\count185
\c@paragraph=\count186
\c@subparagraph=\count187
\c@figure=\count188
\c@table=\count189
\abovecaptionskip=\skip47
\belowcaptionskip=\skip48
\bibindent=\dimen138
)
(../../latex/preamble.tex
(c:/texlive/2021/texmf-dist/tex/latex/base/fontenc.sty
Package: fontenc 2021/04/29 v2.0v Standard LaTeX package
)
(c:/texlive/2021/texmf-dist/tex/latex/base/inputenc.sty
Package: inputenc 2021/02/14 v1.3d Input encoding file
\inpenc@prehook=\toks16
\inpenc@posthook=\toks17
)
(c:/texlive/2021/texmf-dist/tex/latex/amsmath/amsmath.sty
Package: amsmath 2021/04/20 v2.17j AMS math features
\@mathmargin=\skip49

For additional information on amsmath, use the `?' option.
(c:/texlive/2021/texmf-dist/tex/latex/amsmath/amstext.sty
Package: amstext 2000/06/29 v2.01 AMS text

(c:/texlive/2021/texmf-dist/tex/latex/amsmath/amsgen.sty
File: amsgen.sty 1999/11/30 v2.0 generic functions
\@emptytoks=\toks18
\ex@=\dimen139
))
(c:/texlive/2021/texmf-dist/tex/latex/amsmath/amsbsy.sty
Package: amsbsy 1999/11/29 v1.2d Bold Symbols
\pmbraise@=\dimen140
)
(c:/texlive/2021/texmf-dist/tex/latex/amsmath/amsopn.sty
Package: amsopn 2016/03/08 v2.02 operator names
)
\inf@bad=\count190
LaTeX Info: Redefining \frac on input line 234.
\uproot@=\count191
\leftroot@=\count192
LaTeX Info: Redefining \overline on input line 399.
\classnum@=\count193
\DOTSCASE@=\count194
LaTeX Info: Redefining \ldots on input line 496.
LaTeX Info: Redefining \dots on input line 499.
LaTeX Info: Redefining \cdots on input line 620.
\Mathstrutbox@=\box50
\strutbox@=\box51
\big@size=\dimen141
LaTeX Font Info:    Redeclaring font encoding OML on input line 743.
LaTeX Font Info:    Redeclaring font encoding OMS on input line 744.
\macc@depth=\count195
\c@MaxMatrixCols=\count196
\dotsspace@=\muskip16
\c@parentequation=\count197
\dspbrk@lvl=\count198
\tag@help=\toks19
\row@=\count199
\column@=\count266
\maxfields@=\count267
\andhelp@=\toks20
\eqnshift@=\dimen142
\alignsep@=\dimen143
\tagshift@=\dimen144
\tagwidth@=\dimen145
\totwidth@=\dimen146
\lineht@=\dimen147
\@envbody=\toks21
\multlinegap=\skip50
\multlinetaggap=\skip51
\mathdisplay@stack=\toks22
LaTeX Info: Redefining \[ on input line 2923.
LaTeX Info: Redefining \] on input line 2924.
)
(c:/texlive/2021/texmf-dist/tex/latex/amsfonts/amssymb.sty
Package: amssymb 2013/01/14 v3.01 AMS font symbols

(c:/texlive/2021/texmf-dist/tex/latex/amsfonts/amsfonts.sty
Package: amsfonts 2013/01/14 v3.01 Basic AMSFonts support
\symAMSa=\mathgroup4
\symAMSb=\mathgroup5
LaTeX Font Info:    Redeclaring math symbol \hbar on input line 98.
LaTeX Font Info:    Overwriting math alphabet `\mathfrak' in version `bold'
(Font)                  U/euf/m/n --> U/euf/b/n on input line 106.
))
(c:/texlive/2021/texmf-dist/tex/latex/amscls/amsthm.sty
Package: amsthm 2020/05/29 v2.20.6
\thm@style=\toks23
\thm@bodyfont=\toks24
\thm@headfont=\toks25
\thm@notefont=\toks26
\thm@headpunct=\toks27
\thm@preskip=\skip52
\thm@postskip=\skip53
\thm@headsep=\skip54
\dth@everypar=\toks28
)
(c:/texlive/2021/texmf-dist/tex/latex/thmtools/thmtools.sty
Package: thmtools 2020/08/01 v0.72
\thmt@toks=\toks29
\c@thmt@dummyctr=\count268

(c:/texlive/2021/texmf-dist/tex/latex/thmtools/thm-patch.sty
Package: thm-patch 2020/08/01 v0.72

(c:/texlive/2021/texmf-dist/tex/latex/thmtools/parseargs.sty
Package: parseargs 2020/08/01 v0.72
\@parsespec=\toks30
))
(c:/texlive/2021/texmf-dist/tex/latex/thmtools/thm-kv.sty
Package: thm-kv 2020/08/01 v0.72
Package thm-kv Info: Theorem names will be uppercased on input line 42.

(c:/texlive/2021/texmf-dist/tex/latex/graphics/keyval.sty
Package: keyval 2014/10/28 v1.15 key=value parser (DPC)
\KV@toks@=\toks31
)
(c:/texlive/2021/texmf-dist/tex/generic/kvsetkeys/kvsetkeys.sty
Package: kvsetkeys 2019/12/15 v1.18 Key value parser (HO)
)
Package thm-kv Info: kvsetkeys patch (v1.16 or later) on input line 158.
)
(c:/texlive/2021/texmf-dist/tex/latex/thmtools/thm-autoref.sty
Package: thm-autoref 2020/08/01 v0.72

(c:/texlive/2021/texmf-dist/tex/latex/thmtools/aliasctr.sty
Package: aliasctr 2020/08/01 v0.72
))
(c:/texlive/2021/texmf-dist/tex/latex/thmtools/thm-listof.sty
Package: thm-listof 2020/08/01 v0.72
)
(c:/texlive/2021/texmf-dist/tex/latex/thmtools/thm-restate.sty
Package: thm-restate 2020/08/01 v0.72
)
(c:/texlive/2021/texmf-dist/tex/latex/thmtools/thm-amsthm.sty
Package: thm-amsthm 2020/08/01 v0.72
\thmt@style@headstyle=\toks32
))
(c:/texlive/2021/texmf-dist/tex/latex/mathtools/mathtools.sty
Package: mathtools 2021/04/12 v1.27 mathematical typesetting tools

(c:/texlive/2021/texmf-dist/tex/latex/tools/calc.sty
Package: calc 2017/05/25 v4.3 Infix arithmetic (KKT,FJ)
\calc@Acount=\count269
\calc@Bcount=\count270
\calc@Adimen=\dimen148
\calc@Bdimen=\dimen149
\calc@Askip=\skip55
\calc@Bskip=\skip56
LaTeX Info: Redefining \setlength on input line 80.
LaTeX Info: Redefining \addtolength on input line 81.
\calc@Ccount=\count271
\calc@Cskip=\skip57
)
(c:/texlive/2021/texmf-dist/tex/latex/mathtools/mhsetup.sty
Package: mhsetup 2021/03/18 v1.4 programming setup (MH)
)
LaTeX Info: Thecontrolsequence`\('isalreadyrobust on input line 130.
LaTeX Info: Thecontrolsequence`\)'isalreadyrobust on input line 130.
LaTeX Info: Thecontrolsequence`\['isalreadyrobust on input line 130.
LaTeX Info: Thecontrolsequence`\]'isalreadyrobust on input line 130.
\g_MT_multlinerow_int=\count272
\l_MT_multwidth_dim=\dimen150
\origjot=\skip58
\l_MT_shortvdotswithinadjustabove_dim=\dimen151
\l_MT_shortvdotswithinadjustbelow_dim=\dimen152
\l_MT_above_intertext_sep=\dimen153
\l_MT_below_intertext_sep=\dimen154
\l_MT_above_shortintertext_sep=\dimen155
\l_MT_below_shortintertext_sep=\dimen156
\xmathstrut@box=\box52
\xmathstrut@dim=\dimen157
)
(c:/texlive/2021/texmf-dist/tex/latex/units/nicefrac.sty
Package: nicefrac 1998/08/04 v0.9b Nice fractions
\L@UnitsRaiseDisplaystyle=\skip59
\L@UnitsRaiseTextstyle=\skip60
\L@UnitsRaiseScriptstyle=\skip61

(c:/texlive/2021/texmf-dist/tex/latex/base/ifthen.sty
Package: ifthen 2020/11/24 v1.1c Standard LaTeX ifthen package (DPC)
))
(c:/texlive/2021/texmf-dist/tex/latex/hyperref/hyperref.sty
Package: hyperref 2021-02-27 v7.00k Hypertext links for LaTeX

(c:/texlive/2021/texmf-dist/tex/generic/ltxcmds/ltxcmds.sty
Package: ltxcmds 2020-05-10 v1.25 LaTeX kernel commands for general use (HO)
)
(c:/texlive/2021/texmf-dist/tex/generic/iftex/iftex.sty
Package: iftex 2020/03/06 v1.0d TeX engine tests
)
(c:/texlive/2021/texmf-dist/tex/generic/pdftexcmds/pdftexcmds.sty
Package: pdftexcmds 2020-06-27 v0.33 Utility functions of pdfTeX for LuaTeX (HO
)

(c:/texlive/2021/texmf-dist/tex/generic/infwarerr/infwarerr.sty
Package: infwarerr 2019/12/03 v1.5 Providing info/warning/error messages (HO)
)
Package pdftexcmds Info: \pdf@primitive is available.
Package pdftexcmds Info: \pdf@ifprimitive is available.
Package pdftexcmds Info: \pdfdraftmode found.
)
(c:/texlive/2021/texmf-dist/tex/generic/kvdefinekeys/kvdefinekeys.sty
Package: kvdefinekeys 2019-12-19 v1.6 Define keys (HO)
)
(c:/texlive/2021/texmf-dist/tex/generic/pdfescape/pdfescape.sty
Package: pdfescape 2019/12/09 v1.15 Implements pdfTeX's escape features (HO)
)
(c:/texlive/2021/texmf-dist/tex/latex/hycolor/hycolor.sty
Package: hycolor 2020-01-27 v1.10 Color options for hyperref/bookmark (HO)
)
(c:/texlive/2021/texmf-dist/tex/latex/letltxmacro/letltxmacro.sty
Package: letltxmacro 2019/12/03 v1.6 Let assignment for LaTeX macros (HO)
)
(c:/texlive/2021/texmf-dist/tex/latex/auxhook/auxhook.sty
Package: auxhook 2019-12-17 v1.6 Hooks for auxiliary files (HO)
)
(c:/texlive/2021/texmf-dist/tex/latex/kvoptions/kvoptions.sty
Package: kvoptions 2020-10-07 v3.14 Key value format for package options (HO)
)
\@linkdim=\dimen158
\Hy@linkcounter=\count273
\Hy@pagecounter=\count274

(c:/texlive/2021/texmf-dist/tex/latex/hyperref/pd1enc.def
File: pd1enc.def 2021-02-27 v7.00k Hyperref: PDFDocEncoding definition (HO)
Now handling font encoding PD1 ...
... no UTF-8 mapping file for font encoding PD1
)
(c:/texlive/2021/texmf-dist/tex/latex/hyperref/hyperref-langpatches.def
File: hyperref-langpatches.def 2021-02-27 v7.00k Hyperref: patches for babel la
nguages
)
(c:/texlive/2021/texmf-dist/tex/generic/intcalc/intcalc.sty
Package: intcalc 2019/12/15 v1.3 Expandable calculations with integers (HO)
)
(c:/texlive/2021/texmf-dist/tex/generic/etexcmds/etexcmds.sty
Package: etexcmds 2019/12/15 v1.7 Avoid name clashes with e-TeX commands (HO)
)
\Hy@SavedSpaceFactor=\count275

(c:/texlive/2021/texmf-dist/tex/latex/hyperref/puenc.def
File: puenc.def 2021-02-27 v7.00k Hyperref: PDF Unicode definition (HO)
Now handling font encoding PU ...
... no UTF-8 mapping file for font encoding PU
)
Package hyperref Info: Option `hyperindex' set `true' on input line 4073.
Package hyperref Info: Option `plainpages' set `false' on input line 4073.
Package hyperref Info: Hyper figures OFF on input line 4192.
Package hyperref Info: Link nesting OFF on input line 4197.
Package hyperref Info: Hyper index ON on input line 4200.
Package hyperref Info: Plain pages OFF on input line 4207.
Package hyperref Info: Backreferencing OFF on input line 4212.
Package hyperref Info: Implicit mode ON; LaTeX internals redefined.
Package hyperref Info: Bookmarks ON on input line 4445.
\c@Hy@tempcnt=\count276

(c:/texlive/2021/texmf-dist/tex/latex/url/url.sty
\Urlmuskip=\muskip17
Package: url 2013/09/16  ver 3.4  Verb mode for urls, etc.
)
LaTeX Info: Redefining \url on input line 4804.
\XeTeXLinkMargin=\dimen159

(c:/texlive/2021/texmf-dist/tex/generic/bitset/bitset.sty
Package: bitset 2019/12/09 v1.3 Handle bit-vector datatype (HO)

(c:/texlive/2021/texmf-dist/tex/generic/bigintcalc/bigintcalc.sty
Package: bigintcalc 2019/12/15 v1.5 Expandable calculations on big integers (HO
)
))
\Fld@menulength=\count277
\Field@Width=\dimen160
\Fld@charsize=\dimen161
Package hyperref Info: Hyper figures OFF on input line 6075.
Package hyperref Info: Link nesting OFF on input line 6080.
Package hyperref Info: Hyper index ON on input line 6083.
Package hyperref Info: backreferencing OFF on input line 6090.
Package hyperref Info: Link coloring OFF on input line 6095.
Package hyperref Info: Link coloring with OCG OFF on input line 6100.
Package hyperref Info: PDF/A mode OFF on input line 6105.
LaTeX Info: Redefining \ref on input line 6145.
LaTeX Info: Redefining \pageref on input line 6149.

(c:/texlive/2021/texmf-dist/tex/latex/base/atbegshi-ltx.sty
Package: atbegshi-ltx 2021/01/10 v1.0c Emulation of the original atbegshi
package with kernel methods
)
\Hy@abspage=\count278
\c@Item=\count279
\c@Hfootnote=\count280
)
Package hyperref Info: Driver: hpdftex.

(c:/texlive/2021/texmf-dist/tex/latex/hyperref/hpdftex.def
File: hpdftex.def 2021-02-27 v7.00k Hyperref driver for pdfTeX

(c:/texlive/2021/texmf-dist/tex/latex/base/atveryend-ltx.sty
Package: atveryend-ltx 2020/08/19 v1.0a Emulation of the original atvery packag
e
with kernel methods
)
\Fld@listcount=\count281
\c@bookmark@seq@number=\count282

(c:/texlive/2021/texmf-dist/tex/latex/rerunfilecheck/rerunfilecheck.sty
Package: rerunfilecheck 2019/12/05 v1.9 Rerun checks for auxiliary files (HO)

(c:/texlive/2021/texmf-dist/tex/generic/uniquecounter/uniquecounter.sty
Package: uniquecounter 2019/12/15 v1.4 Provide unlimited unique counter (HO)
)
Package uniquecounter Info: New unique counter `rerunfilecheck' on input line 2
86.
)
\Hy@SectionHShift=\skip62
)
(c:/texlive/2021/texmf-dist/tex/latex/cleveref/cleveref.sty
Package: cleveref 2018/03/27 v0.21.4 Intelligent cross-referencing
Package cleveref Info: `hyperref' support loaded on input line 2370.
LaTeX Info: Redefining \cref on input line 2370.
LaTeX Info: Redefining \Cref on input line 2370.
LaTeX Info: Redefining \crefrange on input line 2370.
LaTeX Info: Redefining \Crefrange on input line 2370.
LaTeX Info: Redefining \cpageref on input line 2370.
LaTeX Info: Redefining \Cpageref on input line 2370.
LaTeX Info: Redefining \cpagerefrange on input line 2370.
LaTeX Info: Redefining \Cpagerefrange on input line 2370.
LaTeX Info: Redefining \labelcref on input line 2370.
LaTeX Info: Redefining \labelcpageref on input line 2370.
Package cleveref Info: `amsthm' support loaded on input line 3026.
Package cleveref Info: include cross-reference names in hyperlinks on input lin
e 7836.
Package cleveref Info: include cross-reference names in hyperlinks on input lin
e 7852.
)
(c:/texlive/2021/texmf-dist/tex/latex/siunitx/siunitx.sty
Package: siunitx 2021-06-01 v3.0.9 A comprehensive (SI) units package
\l__siunitx_angle_tmp_dim=\dimen162
\l__siunitx_angle_marker_box=\box53
\l__siunitx_angle_unit_box=\box54
\l__siunitx_compound_count_int=\count283

(c:/texlive/2021/texmf-dist/tex/latex/translations/translations.sty
Package: translations 2021/01/17 v1.10a internationalization of LaTeX2e package
s (CN)

(c:/texlive/2021/texmf-dist/tex/latex/etoolbox/etoolbox.sty
Package: etoolbox 2020/10/05 v2.5k e-TeX tools for LaTeX (JAW)
\etb@tempcnta=\count284
))
\l__siunitx_number_exponent_fixed_int=\count285
\l__siunitx_number_min_decimal_int=\count286
\l__siunitx_number_min_integer_int=\count287
\l__siunitx_number_round_precision_int=\count288
\l__siunitx_number_group_minimum_int=\count289

(c:/texlive/2021/texmf-dist/tex/latex/graphics/color.sty
Package: color 2020/02/24 v1.2b Standard LaTeX Color (DPC)

(c:/texlive/2021/texmf-dist/tex/latex/graphics-cfg/color.cfg
File: color.cfg 2016/01/02 v1.6 sample color configuration
)
Package color Info: Driver file: pdftex.def on input line 149.

(c:/texlive/2021/texmf-dist/tex/latex/graphics-def/pdftex.def
File: pdftex.def 2020/10/05 v1.2a Graphics/color driver for pdftex
))
\l__siunitx_table_tmp_box=\box55
\l__siunitx_table_tmp_dim=\dimen163
\l__siunitx_table_column_width_dim=\dimen164
\l__siunitx_table_integer_box=\box56
\l__siunitx_table_decimal_box=\box57
\l__siunitx_table_before_box=\box58
\l__siunitx_table_after_box=\box59
\l__siunitx_table_before_dim=\dimen165
\l__siunitx_table_carry_dim=\dimen166
\l__siunitx_unit_tmp_int=\count290
\l__siunitx_unit_position_int=\count291
\l__siunitx_unit_total_int=\count292

(c:/texlive/2021/texmf-dist/tex/latex/l3packages/l3keys2e/l3keys2e.sty
(c:/texlive/2021/texmf-dist/tex/latex/l3kernel/expl3.sty
Package: expl3 2021-06-01 L3 programming layer (loader) 

(c:/texlive/2021/texmf-dist/tex/latex/l3backend/l3backend-pdftex.def
File: l3backend-pdftex.def 2021-05-07 L3 backend support: PDF output (pdfTeX)
\l__color_backend_stack_int=\count293
\l__pdf_internal_box=\box60
))
Package: l3keys2e 2021-06-01 LaTeX2e option processing using LaTeX3 keys
)
(c:/texlive/2021/texmf-dist/tex/latex/tools/array.sty
Package: array 2021/04/20 v2.5e Tabular extension package (FMi)
\col@sep=\dimen167
\ar@mcellbox=\box61
\extrarowheight=\dimen168
\NC@list=\toks33
\extratabsurround=\skip63
\backup@length=\skip64
\ar@cellbox=\box62
))
(c:/texlive/2021/texmf-dist/tex/latex/circuitikz/circuitikz.sty
Package: circuitikz 2021/06/01{} The CircuiTikz circuit drawing package version
 1.3.7

(c:/texlive/2021/texmf-dist/tex/latex/pgf/frontendlayer/tikz.sty
(c:/texlive/2021/texmf-dist/tex/latex/pgf/basiclayer/pgf.sty
(c:/texlive/2021/texmf-dist/tex/latex/pgf/utilities/pgfrcs.sty
(c:/texlive/2021/texmf-dist/tex/generic/pgf/utilities/pgfutil-common.tex
\pgfutil@everybye=\toks34
\pgfutil@tempdima=\dimen169
\pgfutil@tempdimb=\dimen170

(c:/texlive/2021/texmf-dist/tex/generic/pgf/utilities/pgfutil-common-lists.tex)
) (c:/texlive/2021/texmf-dist/tex/generic/pgf/utilities/pgfutil-latex.def
\pgfutil@abb=\box63
)
(c:/texlive/2021/texmf-dist/tex/generic/pgf/utilities/pgfrcs.code.tex
(c:/texlive/2021/texmf-dist/tex/generic/pgf/pgf.revision.tex)
Package: pgfrcs 2021/05/15 v3.1.9a (3.1.9a)
))
Package: pgf 2021/05/15 v3.1.9a (3.1.9a)

(c:/texlive/2021/texmf-dist/tex/latex/pgf/basiclayer/pgfcore.sty
(c:/texlive/2021/texmf-dist/tex/latex/graphics/graphicx.sty
Package: graphicx 2020/12/05 v1.2c Enhanced LaTeX Graphics (DPC,SPQR)

(c:/texlive/2021/texmf-dist/tex/latex/graphics/graphics.sty
Package: graphics 2021/03/04 v1.4d Standard LaTeX Graphics (DPC,SPQR)

(c:/texlive/2021/texmf-dist/tex/latex/graphics/trig.sty
Package: trig 2016/01/03 v1.10 sin cos tan (DPC)
)
(c:/texlive/2021/texmf-dist/tex/latex/graphics-cfg/graphics.cfg
File: graphics.cfg 2016/06/04 v1.11 sample graphics configuration
)
Package graphics Info: Driver file: pdftex.def on input line 107.
)
\Gin@req@height=\dimen171
\Gin@req@width=\dimen172
)
(c:/texlive/2021/texmf-dist/tex/latex/pgf/systemlayer/pgfsys.sty
(c:/texlive/2021/texmf-dist/tex/generic/pgf/systemlayer/pgfsys.code.tex
Package: pgfsys 2021/05/15 v3.1.9a (3.1.9a)

(c:/texlive/2021/texmf-dist/tex/generic/pgf/utilities/pgfkeys.code.tex
\pgfkeys@pathtoks=\toks35
\pgfkeys@temptoks=\toks36

(c:/texlive/2021/texmf-dist/tex/generic/pgf/utilities/pgfkeysfiltered.code.tex
\pgfkeys@tmptoks=\toks37
))
\pgf@x=\dimen173
\pgf@y=\dimen174
\pgf@xa=\dimen175
\pgf@ya=\dimen176
\pgf@xb=\dimen177
\pgf@yb=\dimen178
\pgf@xc=\dimen179
\pgf@yc=\dimen180
\pgf@xd=\dimen181
\pgf@yd=\dimen182
\w@pgf@writea=\write3
\r@pgf@reada=\read2
\c@pgf@counta=\count294
\c@pgf@countb=\count295
\c@pgf@countc=\count296
\c@pgf@countd=\count297
\t@pgf@toka=\toks38
\t@pgf@tokb=\toks39
\t@pgf@tokc=\toks40
\pgf@sys@id@count=\count298
 (c:/texlive/2021/texmf-dist/tex/generic/pgf/systemlayer/pgf.cfg
File: pgf.cfg 2021/05/15 v3.1.9a (3.1.9a)
)
Driver file for pgf: pgfsys-pdftex.def

(c:/texlive/2021/texmf-dist/tex/generic/pgf/systemlayer/pgfsys-pdftex.def
File: pgfsys-pdftex.def 2021/05/15 v3.1.9a (3.1.9a)

(c:/texlive/2021/texmf-dist/tex/generic/pgf/systemlayer/pgfsys-common-pdf.def
File: pgfsys-common-pdf.def 2021/05/15 v3.1.9a (3.1.9a)
)))
(c:/texlive/2021/texmf-dist/tex/generic/pgf/systemlayer/pgfsyssoftpath.code.tex
File: pgfsyssoftpath.code.tex 2021/05/15 v3.1.9a (3.1.9a)
\pgfsyssoftpath@smallbuffer@items=\count299
\pgfsyssoftpath@bigbuffer@items=\count300
)
(c:/texlive/2021/texmf-dist/tex/generic/pgf/systemlayer/pgfsysprotocol.code.tex
File: pgfsysprotocol.code.tex 2021/05/15 v3.1.9a (3.1.9a)
)) (c:/texlive/2021/texmf-dist/tex/latex/xcolor/xcolor.sty
Package: xcolor 2016/05/11 v2.12 LaTeX color extensions (UK)

(c:/texlive/2021/texmf-dist/tex/latex/graphics-cfg/color.cfg
File: color.cfg 2016/01/02 v1.6 sample color configuration
)
Package xcolor Info: Driver file: pdftex.def on input line 225.
LaTeX Info: Redefining \color on input line 709.
Package xcolor Info: Model `cmy' substituted by `cmy0' on input line 1348.
Package xcolor Info: Model `hsb' substituted by `rgb' on input line 1352.
Package xcolor Info: Model `RGB' extended on input line 1364.
Package xcolor Info: Model `HTML' substituted by `rgb' on input line 1366.
Package xcolor Info: Model `Hsb' substituted by `hsb' on input line 1367.
Package xcolor Info: Model `tHsb' substituted by `hsb' on input line 1368.
Package xcolor Info: Model `HSB' substituted by `hsb' on input line 1369.
Package xcolor Info: Model `Gray' substituted by `gray' on input line 1370.
Package xcolor Info: Model `wave' substituted by `hsb' on input line 1371.
)
(c:/texlive/2021/texmf-dist/tex/generic/pgf/basiclayer/pgfcore.code.tex
Package: pgfcore 2021/05/15 v3.1.9a (3.1.9a)

(c:/texlive/2021/texmf-dist/tex/generic/pgf/math/pgfmath.code.tex
(c:/texlive/2021/texmf-dist/tex/generic/pgf/math/pgfmathcalc.code.tex
(c:/texlive/2021/texmf-dist/tex/generic/pgf/math/pgfmathutil.code.tex)
(c:/texlive/2021/texmf-dist/tex/generic/pgf/math/pgfmathparser.code.tex
\pgfmath@dimen=\dimen183
\pgfmath@count=\count301
\pgfmath@box=\box64
\pgfmath@toks=\toks41
\pgfmath@stack@operand=\toks42
\pgfmath@stack@operation=\toks43
)
(c:/texlive/2021/texmf-dist/tex/generic/pgf/math/pgfmathfunctions.code.tex
(c:/texlive/2021/texmf-dist/tex/generic/pgf/math/pgfmathfunctions.basic.code.te
x)
(c:/texlive/2021/texmf-dist/tex/generic/pgf/math/pgfmathfunctions.trigonometric
.code.tex)
(c:/texlive/2021/texmf-dist/tex/generic/pgf/math/pgfmathfunctions.random.code.t
ex)
(c:/texlive/2021/texmf-dist/tex/generic/pgf/math/pgfmathfunctions.comparison.co
de.tex)
(c:/texlive/2021/texmf-dist/tex/generic/pgf/math/pgfmathfunctions.base.code.tex
)
(c:/texlive/2021/texmf-dist/tex/generic/pgf/math/pgfmathfunctions.round.code.te
x)
(c:/texlive/2021/texmf-dist/tex/generic/pgf/math/pgfmathfunctions.misc.code.tex
)
(c:/texlive/2021/texmf-dist/tex/generic/pgf/math/pgfmathfunctions.integerarithm
etics.code.tex)))
(c:/texlive/2021/texmf-dist/tex/generic/pgf/math/pgfmathfloat.code.tex
\c@pgfmathroundto@lastzeros=\count302
))
(c:/texlive/2021/texmf-dist/tex/generic/pgf/math/pgfint.code.tex)
(c:/texlive/2021/texmf-dist/tex/generic/pgf/basiclayer/pgfcorepoints.code.tex
File: pgfcorepoints.code.tex 2021/05/15 v3.1.9a (3.1.9a)
\pgf@picminx=\dimen184
\pgf@picmaxx=\dimen185
\pgf@picminy=\dimen186
\pgf@picmaxy=\dimen187
\pgf@pathminx=\dimen188
\pgf@pathmaxx=\dimen189
\pgf@pathminy=\dimen190
\pgf@pathmaxy=\dimen191
\pgf@xx=\dimen192
\pgf@xy=\dimen193
\pgf@yx=\dimen194
\pgf@yy=\dimen195
\pgf@zx=\dimen196
\pgf@zy=\dimen197
)
(c:/texlive/2021/texmf-dist/tex/generic/pgf/basiclayer/pgfcorepathconstruct.cod
e.tex
File: pgfcorepathconstruct.code.tex 2021/05/15 v3.1.9a (3.1.9a)
\pgf@path@lastx=\dimen198
\pgf@path@lasty=\dimen199
)
(c:/texlive/2021/texmf-dist/tex/generic/pgf/basiclayer/pgfcorepathusage.code.te
x
File: pgfcorepathusage.code.tex 2021/05/15 v3.1.9a (3.1.9a)
\pgf@shorten@end@additional=\dimen256
\pgf@shorten@start@additional=\dimen257
)
(c:/texlive/2021/texmf-dist/tex/generic/pgf/basiclayer/pgfcorescopes.code.tex
File: pgfcorescopes.code.tex 2021/05/15 v3.1.9a (3.1.9a)
\pgfpic=\box65
\pgf@hbox=\box66
\pgf@layerbox@main=\box67
\pgf@picture@serial@count=\count303
)
(c:/texlive/2021/texmf-dist/tex/generic/pgf/basiclayer/pgfcoregraphicstate.code
.tex
File: pgfcoregraphicstate.code.tex 2021/05/15 v3.1.9a (3.1.9a)
\pgflinewidth=\dimen258
)
(c:/texlive/2021/texmf-dist/tex/generic/pgf/basiclayer/pgfcoretransformations.c
ode.tex
File: pgfcoretransformations.code.tex 2021/05/15 v3.1.9a (3.1.9a)
\pgf@pt@x=\dimen259
\pgf@pt@y=\dimen260
\pgf@pt@temp=\dimen261
)
(c:/texlive/2021/texmf-dist/tex/generic/pgf/basiclayer/pgfcorequick.code.tex
File: pgfcorequick.code.tex 2021/05/15 v3.1.9a (3.1.9a)
)
(c:/texlive/2021/texmf-dist/tex/generic/pgf/basiclayer/pgfcoreobjects.code.tex
File: pgfcoreobjects.code.tex 2021/05/15 v3.1.9a (3.1.9a)
)
(c:/texlive/2021/texmf-dist/tex/generic/pgf/basiclayer/pgfcorepathprocessing.co
de.tex
File: pgfcorepathprocessing.code.tex 2021/05/15 v3.1.9a (3.1.9a)
)
(c:/texlive/2021/texmf-dist/tex/generic/pgf/basiclayer/pgfcorearrows.code.tex
File: pgfcorearrows.code.tex 2021/05/15 v3.1.9a (3.1.9a)
\pgfarrowsep=\dimen262
)
(c:/texlive/2021/texmf-dist/tex/generic/pgf/basiclayer/pgfcoreshade.code.tex
File: pgfcoreshade.code.tex 2021/05/15 v3.1.9a (3.1.9a)
\pgf@max=\dimen263
\pgf@sys@shading@range@num=\count304
\pgf@shadingcount=\count305
)
(c:/texlive/2021/texmf-dist/tex/generic/pgf/basiclayer/pgfcoreimage.code.tex
File: pgfcoreimage.code.tex 2021/05/15 v3.1.9a (3.1.9a)

(c:/texlive/2021/texmf-dist/tex/generic/pgf/basiclayer/pgfcoreexternal.code.tex
File: pgfcoreexternal.code.tex 2021/05/15 v3.1.9a (3.1.9a)
\pgfexternal@startupbox=\box68
))
(c:/texlive/2021/texmf-dist/tex/generic/pgf/basiclayer/pgfcorelayers.code.tex
File: pgfcorelayers.code.tex 2021/05/15 v3.1.9a (3.1.9a)
)
(c:/texlive/2021/texmf-dist/tex/generic/pgf/basiclayer/pgfcoretransparency.code
.tex
File: pgfcoretransparency.code.tex 2021/05/15 v3.1.9a (3.1.9a)
)
(c:/texlive/2021/texmf-dist/tex/generic/pgf/basiclayer/pgfcorepatterns.code.tex
File: pgfcorepatterns.code.tex 2021/05/15 v3.1.9a (3.1.9a)
) (c:/texlive/2021/texmf-dist/tex/generic/pgf/basiclayer/pgfcorerdf.code.tex
File: pgfcorerdf.code.tex 2021/05/15 v3.1.9a (3.1.9a)
))) (c:/texlive/2021/texmf-dist/tex/generic/pgf/modules/pgfmoduleshapes.code.te
x
File: pgfmoduleshapes.code.tex 2021/05/15 v3.1.9a (3.1.9a)
\pgfnodeparttextbox=\box69
)
(c:/texlive/2021/texmf-dist/tex/generic/pgf/modules/pgfmoduleplot.code.tex
File: pgfmoduleplot.code.tex 2021/05/15 v3.1.9a (3.1.9a)
)
(c:/texlive/2021/texmf-dist/tex/latex/pgf/compatibility/pgfcomp-version-0-65.st
y
Package: pgfcomp-version-0-65 2021/05/15 v3.1.9a (3.1.9a)
\pgf@nodesepstart=\dimen264
\pgf@nodesepend=\dimen265
)
(c:/texlive/2021/texmf-dist/tex/latex/pgf/compatibility/pgfcomp-version-1-18.st
y
Package: pgfcomp-version-1-18 2021/05/15 v3.1.9a (3.1.9a)
)) (c:/texlive/2021/texmf-dist/tex/latex/pgf/utilities/pgffor.sty
(c:/texlive/2021/texmf-dist/tex/latex/pgf/utilities/pgfkeys.sty
(c:/texlive/2021/texmf-dist/tex/generic/pgf/utilities/pgfkeys.code.tex))
(c:/texlive/2021/texmf-dist/tex/latex/pgf/math/pgfmath.sty
(c:/texlive/2021/texmf-dist/tex/generic/pgf/math/pgfmath.code.tex))
(c:/texlive/2021/texmf-dist/tex/generic/pgf/utilities/pgffor.code.tex
Package: pgffor 2021/05/15 v3.1.9a (3.1.9a)

(c:/texlive/2021/texmf-dist/tex/generic/pgf/math/pgfmath.code.tex)
\pgffor@iter=\dimen266
\pgffor@skip=\dimen267
\pgffor@stack=\toks44
\pgffor@toks=\toks45
))
(c:/texlive/2021/texmf-dist/tex/generic/pgf/frontendlayer/tikz/tikz.code.tex
Package: tikz 2021/05/15 v3.1.9a (3.1.9a)

(c:/texlive/2021/texmf-dist/tex/generic/pgf/libraries/pgflibraryplothandlers.co
de.tex
File: pgflibraryplothandlers.code.tex 2021/05/15 v3.1.9a (3.1.9a)
\pgf@plot@mark@count=\count306
\pgfplotmarksize=\dimen268
)
\tikz@lastx=\dimen269
\tikz@lasty=\dimen270
\tikz@lastxsaved=\dimen271
\tikz@lastysaved=\dimen272
\tikz@lastmovetox=\dimen273
\tikz@lastmovetoy=\dimen274
\tikzleveldistance=\dimen275
\tikzsiblingdistance=\dimen276
\tikz@figbox=\box70
\tikz@figbox@bg=\box71
\tikz@tempbox=\box72
\tikz@tempbox@bg=\box73
\tikztreelevel=\count307
\tikznumberofchildren=\count308
\tikznumberofcurrentchild=\count309
\tikz@fig@count=\count310

(c:/texlive/2021/texmf-dist/tex/generic/pgf/modules/pgfmodulematrix.code.tex
File: pgfmodulematrix.code.tex 2021/05/15 v3.1.9a (3.1.9a)
\pgfmatrixcurrentrow=\count311
\pgfmatrixcurrentcolumn=\count312
\pgf@matrix@numberofcolumns=\count313
)
\tikz@expandcount=\count314

(c:/texlive/2021/texmf-dist/tex/generic/pgf/frontendlayer/tikz/libraries/tikzli
brarytopaths.code.tex
File: tikzlibrarytopaths.code.tex 2021/05/15 v3.1.9a (3.1.9a)
)))
(c:/texlive/2021/texmf-dist/tex/generic/pgf/frontendlayer/tikz/libraries/tikzli
brarycalc.code.tex
File: tikzlibrarycalc.code.tex 2021/05/15 v3.1.9a (3.1.9a)
)
(c:/texlive/2021/texmf-dist/tex/generic/pgf/libraries/pgflibraryarrows.meta.cod
e.tex
File: pgflibraryarrows.meta.code.tex 2021/05/15 v3.1.9a (3.1.9a)
\pgfarrowinset=\dimen277
\pgfarrowlength=\dimen278
\pgfarrowwidth=\dimen279
\pgfarrowlinewidth=\dimen280
)
(c:/texlive/2021/texmf-dist/tex/generic/pgf/frontendlayer/tikz/libraries/tikzli
brarybending.code.tex
File: tikzlibrarybending.code.tex 2021/05/15 v3.1.9a (3.1.9a)

(c:/texlive/2021/texmf-dist/tex/generic/pgf/modules/pgfmodulebending.code.tex
File: pgfmodulebending.code.tex 2021/05/15 v3.1.9a (3.1.9a)

(c:/texlive/2021/texmf-dist/tex/generic/pgf/modules/pgfmodulenonlineartransform
ations.code.tex
File: pgfmodulenonlineartransformations.code.tex 2021/05/15 v3.1.9a (3.1.9a)
\pgftransformnonlinearflatness=\dimen281
)
(c:/texlive/2021/texmf-dist/tex/generic/pgf/libraries/pgflibrarycurvilinear.cod
e.tex
File: pgflibrarycurvilinear.code.tex 2021/05/15 v3.1.9a (3.1.9a)
\pgf@curvilinear@time@a=\dimen282
\pgf@curvilinear@length@a=\dimen283
\pgf@curvilinear@length@b=\dimen284
\pgf@curvilinear@length@c=\dimen285
\pgf@curvilinear@length@d=\dimen286
)
\pgf@arrows@the@rigidity=\dimen287
))
(c:/texlive/2021/texmf-dist/tex/generic/pgf/frontendlayer/tikz/libraries/tikzli
braryfpu.code.tex
(c:/texlive/2021/texmf-dist/tex/generic/pgf/libraries/pgflibraryfpu.code.tex))
(c:/texlive/2021/texmf-dist/tex/generic/circuitikz/pgfcirc.defines.tex
\pgf@circ@count@a=\count315
\pgf@circ@count@b=\count316
\pgf@circ@count@c=\count317
\pgf@circ@res@up=\dimen288
\pgf@circ@res@down=\dimen289
\pgf@circ@res@zero=\dimen290
\pgf@circ@res@left=\dimen291
\pgf@circ@res@right=\dimen292
\pgf@circ@res@other=\dimen293
\pgf@circ@res@step=\dimen294
\pgf@circ@res@temp=\dimen295
\pgf@circ@Rlen=\dimen296
\pgf@circ@scaled@Rlen=\dimen297
\pgfstartlinewidth=\dimen298
)
(c:/texlive/2021/texmf-dist/tex/generic/circuitikz/pgfcircutils.tex
\ctikz@scratchbox=\box74
)
(c:/texlive/2021/texmf-dist/tex/generic/circuitikz/pgfcircpath.tex)
(c:/texlive/2021/texmf-dist/tex/generic/circuitikz/pgfcircshapes.tex)
(c:/texlive/2021/texmf-dist/tex/generic/circuitikz/pgfcircmonopoles.tex)
(c:/texlive/2021/texmf-dist/tex/generic/circuitikz/pgfcircbipoles.tex)
(c:/texlive/2021/texmf-dist/tex/generic/circuitikz/pgfcirctripoles.tex
\pgf@circ@res@count=\count318
)
(c:/texlive/2021/texmf-dist/tex/generic/circuitikz/pgfcircquadpoles.tex)
(c:/texlive/2021/texmf-dist/tex/generic/circuitikz/pgfcircmultipoles.tex)
(c:/texlive/2021/texmf-dist/tex/generic/circuitikz/pgfcirclabel.tex)
(c:/texlive/2021/texmf-dist/tex/generic/circuitikz/pgfcircvoltage.tex
\pgfcirc@labelshift=\dimen299
)
(c:/texlive/2021/texmf-dist/tex/generic/circuitikz/pgfcirccurrent.tex)
(c:/texlive/2021/texmf-dist/tex/generic/circuitikz/pgfcircflow.tex)
(c:/texlive/2021/texmf-dist/tex/generic/xstring/xstring.sty
(c:/texlive/2021/texmf-dist/tex/generic/xstring/xstring.tex
\integerpart=\count319
\decimalpart=\count320
)
Package: xstring 2019/02/06 v1.83 String manipulations (CT)
))
(c:/texlive/2021/texmf-dist/tex/latex/geometry/geometry.sty
Package: geometry 2020/01/02 v5.9 Page Geometry

(c:/texlive/2021/texmf-dist/tex/generic/iftex/ifvtex.sty
Package: ifvtex 2019/10/25 v1.7 ifvtex legacy package. Use iftex instead.
)
\Gm@cnth=\count321
\Gm@cntv=\count322
\c@Gm@tempcnt=\count323
\Gm@bindingoffset=\dimen300
\Gm@wd@mp=\dimen301
\Gm@odd@mp=\dimen302
\Gm@even@mp=\dimen303
\Gm@layoutwidth=\dimen304
\Gm@layoutheight=\dimen305
\Gm@layouthoffset=\dimen306
\Gm@layoutvoffset=\dimen307
\Gm@dimlist=\toks46
)
(c:/texlive/2021/texmf-dist/tex/latex/float/float.sty
Package: float 2001/11/08 v1.3d Float enhancements (AL)
\c@float@type=\count324
\float@exts=\toks47
\float@box=\box75
\@float@everytoks=\toks48
\@floatcapt=\box76
)
(c:/texlive/2021/texmf-dist/tex/latex/mdframed/mdframed.sty
Package: mdframed 2013/07/01 1.9b: mdframed

(c:/texlive/2021/texmf-dist/tex/latex/l3packages/xparse/xparse.sty
Package: xparse 2021-06-01 L3 Experimental document command parser
)
(c:/texlive/2021/texmf-dist/tex/latex/zref/zref-abspage.sty
Package: zref-abspage 2020-07-03 v2.32 Module abspage for zref (HO)

(c:/texlive/2021/texmf-dist/tex/latex/zref/zref-base.sty
Package: zref-base 2020-07-03 v2.32 Module base for zref (HO)
Package zref Info: New property list: main on input line 764.
Package zref Info: New property: default on input line 765.
Package zref Info: New property: page on input line 766.
)
\c@abspage=\count325
Package zref Info: New property: abspage on input line 66.
)
(c:/texlive/2021/texmf-dist/tex/latex/needspace/needspace.sty
Package: needspace 2010/09/12 v1.3d reserve vertical space
)
\mdf@templength=\skip65
\c@mdf@globalstyle@cnt=\count326
\mdf@skipabove@length=\skip66
\mdf@skipbelow@length=\skip67
\mdf@leftmargin@length=\skip68
\mdf@rightmargin@length=\skip69
\mdf@innerleftmargin@length=\skip70
\mdf@innerrightmargin@length=\skip71
\mdf@innertopmargin@length=\skip72
\mdf@innerbottommargin@length=\skip73
\mdf@splittopskip@length=\skip74
\mdf@splitbottomskip@length=\skip75
\mdf@outermargin@length=\skip76
\mdf@innermargin@length=\skip77
\mdf@linewidth@length=\skip78
\mdf@innerlinewidth@length=\skip79
\mdf@middlelinewidth@length=\skip80
\mdf@outerlinewidth@length=\skip81
\mdf@roundcorner@length=\skip82
\mdf@footenotedistance@length=\skip83
\mdf@userdefinedwidth@length=\skip84
\mdf@needspace@length=\skip85
\mdf@frametitleaboveskip@length=\skip86
\mdf@frametitlebelowskip@length=\skip87
\mdf@frametitlerulewidth@length=\skip88
\mdf@frametitleleftmargin@length=\skip89
\mdf@frametitlerightmargin@length=\skip90
\mdf@shadowsize@length=\skip91
\mdf@extratopheight@length=\skip92
\mdf@subtitleabovelinewidth@length=\skip93
\mdf@subtitlebelowlinewidth@length=\skip94
\mdf@subtitleaboveskip@length=\skip95
\mdf@subtitlebelowskip@length=\skip96
\mdf@subtitleinneraboveskip@length=\skip97
\mdf@subtitleinnerbelowskip@length=\skip98
\mdf@subsubtitleabovelinewidth@length=\skip99
\mdf@subsubtitlebelowlinewidth@length=\skip100
\mdf@subsubtitleaboveskip@length=\skip101
\mdf@subsubtitlebelowskip@length=\skip102
\mdf@subsubtitleinneraboveskip@length=\skip103
\mdf@subsubtitleinnerbelowskip@length=\skip104

(c:/texlive/2021/texmf-dist/tex/latex/mdframed/md-frame-0.mdf
File: md-frame-0.mdf 2013/07/01\ 1.9b: md-frame-0
)
\mdf@frametitlebox=\box77
\mdf@footnotebox=\box78
\mdf@splitbox@one=\box79
\mdf@splitbox@two=\box80
\mdf@splitbox@save=\box81
\mdfsplitboxwidth=\skip105
\mdfsplitboxtotalwidth=\skip106
\mdfsplitboxheight=\skip107
\mdfsplitboxdepth=\skip108
\mdfsplitboxtotalheight=\skip109
\mdfframetitleboxwidth=\skip110
\mdfframetitleboxtotalwidth=\skip111
\mdfframetitleboxheight=\skip112
\mdfframetitleboxdepth=\skip113
\mdfframetitleboxtotalheight=\skip114
\mdffootnoteboxwidth=\skip115
\mdffootnoteboxtotalwidth=\skip116
\mdffootnoteboxheight=\skip117
\mdffootnoteboxdepth=\skip118
\mdffootnoteboxtotalheight=\skip119
\mdftotallinewidth=\skip120
\mdfboundingboxwidth=\skip121
\mdfboundingboxtotalwidth=\skip122
\mdfboundingboxheight=\skip123
\mdfboundingboxdepth=\skip124
\mdfboundingboxtotalheight=\skip125
\mdf@freevspace@length=\skip126
\mdf@horizontalwidthofbox@length=\skip127
\mdf@verticalmarginwhole@length=\skip128
\mdf@horizontalspaceofbox=\skip129
\mdfsubtitleheight=\skip130
\mdfsubsubtitleheight=\skip131
\c@mdfcountframes=\count327

****** mdframed patching \endmdf@trivlist

****** -- success******

\mdf@envdepth=\count328
\c@mdf@env@i=\count329
\c@mdf@env@ii=\count330
\c@mdf@zref@counter=\count331
Package zref Info: New property: mdf@pagevalue on input line 895.
)
(c:/texlive/2021/texmf-dist/tex/latex/titling/titling.sty
Package: titling 2009/09/04 v2.1d maketitle typesetting
\thanksmarkwidth=\skip132
\thanksmargin=\skip133
\droptitle=\skip134
)
(c:/texlive/2021/texmf-dist/tex/latex/booktabs/booktabs.sty
Package: booktabs 2020/01/12 v1.61803398 Publication quality tables
\heavyrulewidth=\dimen308
\lightrulewidth=\dimen309
\cmidrulewidth=\dimen310
\belowrulesep=\dimen311
\belowbottomsep=\dimen312
\aboverulesep=\dimen313
\abovetopsep=\dimen314
\cmidrulesep=\dimen315
\cmidrulekern=\dimen316
\defaultaddspace=\dimen317
\@cmidla=\count332
\@cmidlb=\count333
\@aboverulesep=\dimen318
\@belowrulesep=\dimen319
\@thisruleclass=\count334
\@lastruleclass=\count335
\@thisrulewidth=\dimen320
)
(c:/texlive/2021/texmf-dist/tex/latex/caption/caption.sty
Package: caption 2020/10/26 v3.5g Customizing captions (AR)

(c:/texlive/2021/texmf-dist/tex/latex/caption/caption3.sty
Package: caption3 2020/10/21 v2.2e caption3 kernel (AR)
\captionmargin=\dimen321
\captionmargin@=\dimen322
\captionwidth=\dimen323
\caption@tempdima=\dimen324
\caption@indent=\dimen325
\caption@parindent=\dimen326
\caption@hangindent=\dimen327
Package caption Info: Standard document class detected.
)
\c@caption@flags=\count336
\c@continuedfloat=\count337
Package caption Info: float package is loaded.
Package caption Info: hyperref package is loaded.
)
(c:/texlive/2021/texmf-dist/tex/latex/caption/subcaption.sty
Package: subcaption 2020/10/07 v1.3j Sub-captions (AR)
\c@subfigure=\count338
\c@subtable=\count339
)
(c:/texlive/2021/texmf-dist/tex/generic/babel/babel.sty
Package: babel 2021/06/02 3.60 The Babel package

(c:/texlive/2021/texmf-dist/tex/generic/babel/babel.def
File: babel.def 2021/06/02 3.60 Babel common definitions
\babel@savecnt=\count340
\U@D=\dimen328
\l@unhyphenated=\language45

(c:/texlive/2021/texmf-dist/tex/generic/babel/txtbabel.def)
\bbl@readstream=\read3
)
\bbl@dirlevel=\count341

(c:/texlive/2021/texmf-dist/tex/generic/babel-italian/italian.ldf
Language: italian 2020/05/21 v.1.4.04 Italian support for the babel system
\it@lettering=\count342
\it@doublequoteactive=\count343
\it@ISOcompliance=\count344
))
(c:/texlive/2021/texmf-dist/tex/latex/pgfplots/pgfplots.sty
(c:/texlive/2021/texmf-dist/tex/generic/pgfplots/pgfplots.revision.tex)
Package: pgfplots 2021/05/15 v1.18.1 Data Visualization (1.18.1)

(c:/texlive/2021/texmf-dist/tex/generic/pgfplots/pgfplots.code.tex
(c:/texlive/2021/texmf-dist/tex/generic/pgfplots/pgfplotscore.code.tex
\t@pgfplots@toka=\toks49
\t@pgfplots@tokb=\toks50
\t@pgfplots@tokc=\toks51
\pgfplots@tmpa=\dimen329
\c@pgfplots@coordindex=\count345
\c@pgfplots@scanlineindex=\count346

(c:/texlive/2021/texmf-dist/tex/generic/pgfplots/sys/pgfplotssysgeneric.code.te
x))
(c:/texlive/2021/texmf-dist/tex/generic/pgfplots/libs/pgfplotslibrary.code.tex)

(c:/texlive/2021/texmf-dist/tex/generic/pgfplots/oldpgfcompatib/pgfplotsoldpgfs
upp_loader.code.tex)
(c:/texlive/2021/texmf-dist/tex/generic/pgfplots/util/pgfplotsutil.code.tex
(c:/texlive/2021/texmf-dist/tex/generic/pgfplots/liststructure/pgfplotsliststru
cture.code.tex)
(c:/texlive/2021/texmf-dist/tex/generic/pgfplots/liststructure/pgfplotsliststru
ctureext.code.tex)
(c:/texlive/2021/texmf-dist/tex/generic/pgfplots/liststructure/pgfplotsarray.co
de.tex
\c@pgfplotsarray@tmp=\count347
)
(c:/texlive/2021/texmf-dist/tex/generic/pgfplots/liststructure/pgfplotsmatrix.c
ode.tex)
(c:/texlive/2021/texmf-dist/tex/generic/pgfplots/numtable/pgfplotstableshared.c
ode.tex
\c@pgfplotstable@counta=\count348
\t@pgfplotstable@a=\toks52
)
(c:/texlive/2021/texmf-dist/tex/generic/pgfplots/liststructure/pgfplotsdeque.co
de.tex)
(c:/texlive/2021/texmf-dist/tex/generic/pgfplots/util/pgfplotsbinary.code.tex
(c:/texlive/2021/texmf-dist/tex/generic/pgfplots/util/pgfplotsbinary.data.code.
tex))
(c:/texlive/2021/texmf-dist/tex/generic/pgfplots/util/pgfplotsutil.verb.code.te
x)
(c:/texlive/2021/texmf-dist/tex/generic/pgfplots/libs/pgflibrarypgfplots.surfsh
ading.code.tex
\c@pgfplotslibrarysurf@no=\count349

(c:/texlive/2021/texmf-dist/tex/generic/pgfplots/sys/pgflibrarypgfplots.surfsha
ding.pgfsys-pdftex.def)))
(c:/texlive/2021/texmf-dist/tex/generic/pgfplots/util/pgfplotscolormap.code.tex
(c:/texlive/2021/texmf-dist/tex/generic/pgfplots/util/pgfplotscolor.code.tex))
(c:/texlive/2021/texmf-dist/tex/generic/pgfplots/pgfplotsstackedplots.code.tex)
(c:/texlive/2021/texmf-dist/tex/generic/pgfplots/pgfplotsplothandlers.code.tex
(c:/texlive/2021/texmf-dist/tex/generic/pgfplots/pgfplotsmeshplothandler.code.t
ex
(c:/texlive/2021/texmf-dist/tex/generic/pgfplots/pgfplotsmeshplotimage.code.tex
))) (c:/texlive/2021/texmf-dist/tex/generic/pgfplots/pgfplots.scaling.code.tex)

(c:/texlive/2021/texmf-dist/tex/generic/pgfplots/pgfplotscoordprocessing.code.t
ex)
(c:/texlive/2021/texmf-dist/tex/generic/pgfplots/pgfplots.errorbars.code.tex)
(c:/texlive/2021/texmf-dist/tex/generic/pgfplots/pgfplots.markers.code.tex)
(c:/texlive/2021/texmf-dist/tex/generic/pgfplots/pgfplotsticks.code.tex)
(c:/texlive/2021/texmf-dist/tex/generic/pgfplots/pgfplots.paths.code.tex)
(c:/texlive/2021/texmf-dist/tex/generic/pgf/frontendlayer/tikz/libraries/tikzli
brarydecorations.code.tex
(c:/texlive/2021/texmf-dist/tex/generic/pgf/modules/pgfmoduledecorations.code.t
ex
\pgfdecoratedcompleteddistance=\dimen330
\pgfdecoratedremainingdistance=\dimen331
\pgfdecoratedinputsegmentcompleteddistance=\dimen332
\pgfdecoratedinputsegmentremainingdistance=\dimen333
\pgf@decorate@distancetomove=\dimen334
\pgf@decorate@repeatstate=\count350
\pgfdecorationsegmentamplitude=\dimen335
\pgfdecorationsegmentlength=\dimen336
)
\tikz@lib@dec@box=\box82
)
(c:/texlive/2021/texmf-dist/tex/generic/pgf/frontendlayer/tikz/libraries/tikzli
brarydecorations.pathmorphing.code.tex
(c:/texlive/2021/texmf-dist/tex/generic/pgf/libraries/decorations/pgflibrarydec
orations.pathmorphing.code.tex))
(c:/texlive/2021/texmf-dist/tex/generic/pgf/frontendlayer/tikz/libraries/tikzli
brarydecorations.pathreplacing.code.tex
(c:/texlive/2021/texmf-dist/tex/generic/pgf/libraries/decorations/pgflibrarydec
orations.pathreplacing.code.tex))
(c:/texlive/2021/texmf-dist/tex/generic/pgfplots/libs/tikzlibrarypgfplots.conto
urlua.code.tex)
\pgfplots@numplots=\count351
\pgfplots@xmin@reg=\dimen337
\pgfplots@xmax@reg=\dimen338
\pgfplots@ymin@reg=\dimen339
\pgfplots@ymax@reg=\dimen340
\pgfplots@zmin@reg=\dimen341
\pgfplots@zmax@reg=\dimen342
)
(c:/texlive/2021/texmf-dist/tex/generic/pgf/frontendlayer/tikz/libraries/tikzli
braryplotmarks.code.tex
File: tikzlibraryplotmarks.code.tex 2021/05/15 v3.1.9a (3.1.9a)

(c:/texlive/2021/texmf-dist/tex/generic/pgf/libraries/pgflibraryplotmarks.code.
tex
File: pgflibraryplotmarks.code.tex 2021/05/15 v3.1.9a (3.1.9a)
))) (c:/texlive/2021/texmf-dist/tex/latex/listings/listings.sty
\lst@mode=\count352
\lst@gtempboxa=\box83
\lst@token=\toks53
\lst@length=\count353
\lst@currlwidth=\dimen343
\lst@column=\count354
\lst@pos=\count355
\lst@lostspace=\dimen344
\lst@width=\dimen345
\lst@newlines=\count356
\lst@lineno=\count357
\lst@maxwidth=\dimen346

(c:/texlive/2021/texmf-dist/tex/latex/listings/lstmisc.sty
File: lstmisc.sty 2020/03/24 1.8d (Carsten Heinz)
\c@lstnumber=\count358
\lst@skipnumbers=\count359
\lst@framebox=\box84
)
(c:/texlive/2021/texmf-dist/tex/latex/listings/listings.cfg
File: listings.cfg 2020/03/24 1.8d listings configuration
))
Package: listings 2020/03/24 1.8d (Carsten Heinz)

(c:/texlive/2021/texmf-dist/tex/latex/enumitem/enumitem.sty
Package: enumitem 2019/06/20 v3.9 Customized lists
\labelindent=\skip135
\enit@outerparindent=\dimen347
\enit@toks=\toks54
\enit@inbox=\box85
\enit@count@id=\count360
\enitdp@description=\count361
)
(c:/texlive/2021/texmf-dist/tex/generic/pgfplots/libs/tikzlibrarypgfplots.exter
nal.code.tex
(c:/texlive/2021/texmf-dist/tex/latex/pgf/frontendlayer/libraries/tikzlibraryex
ternal.code.tex
(c:/texlive/2021/texmf-dist/tex/generic/pgf/frontendlayer/tikz/libraries/tikzex
ternalshared.code.tex)))
\openout3 = `E01.2.AC.auxlock'.


Package siunitx Info: Option "number-unit-product" has been deprecated in this
(siunitx)             release.
(siunitx)             
(siunitx)             Use "quantity-product" as a replacement.


Package siunitx Info: Option "scientific-notation = false" has been deprecated
(siunitx)             in this release.
(siunitx)             
(siunitx)             Use "exponent-mode = input" as a replacement.

Package hyperref Info: Option `colorlinks' set `true' on input line 49.

(c:/texlive/2021/texmf-dist/tex/latex/listings/lstlang1.sty
File: lstlang1.sty 2020/03/24 1.8d listings language file
)
LaTeX Font Info:    Trying to load font information for T1+txtt on input line 6
3.

(c:/texlive/2021/texmf-dist/tex/latex/txfonts/t1txtt.fd
File: t1txtt.fd 2000/12/15 v3.1
)) (../../latex/math.tex) (c:/texlive/2021/texmf-dist/tex/latex/tools/multicol.
sty
Package: multicol 2019/12/09 v1.8y multicolumn formatting (FMi)
\c@tracingmulticols=\count362
\mult@box=\box86
\multicol@leftmargin=\dimen348
\c@unbalance=\count363
\c@collectmore=\count364
\doublecol@number=\count365
\multicoltolerance=\count366
\multicolpretolerance=\count367
\full@width=\dimen349
\page@free=\dimen350
\premulticols=\dimen351
\postmulticols=\dimen352
\multicolsep=\skip136
\multicolbaselineskip=\skip137
\partial@page=\box87
\last@line=\box88
\maxbalancingoverflow=\dimen353
\mult@rightbox=\box89
\mult@grightbox=\box90
\mult@gfirstbox=\box91
\mult@firstbox=\box92
\@tempa=\box93
\@tempa=\box94
\@tempa=\box95
\@tempa=\box96
\@tempa=\box97
\@tempa=\box98
\@tempa=\box99
\@tempa=\box100
\@tempa=\box101
\@tempa=\box102
\@tempa=\box103
\@tempa=\box104
\@tempa=\box105
\@tempa=\box106
\@tempa=\box107
\@tempa=\box108
\@tempa=\box109
\@tempa=\box110
\@tempa=\box111
\@tempa=\box112
\@tempa=\box113
\@tempa=\box114
\@tempa=\box115
\@tempa=\box116
\@tempa=\box117
\@tempa=\box118
\@tempa=\box119
\@tempa=\box120
\@tempa=\box121
\@tempa=\box122
\@tempa=\box123
\@tempa=\box124
\@tempa=\box125
\@tempa=\box126
\@tempa=\box127
\@tempa=\box128
\@tempa=\box129
\c@minrows=\count368
\c@columnbadness=\count369
\c@finalcolumnbadness=\count370
\last@try=\dimen354
\multicolovershoot=\dimen355
\multicolundershoot=\dimen356
\mult@nat@firstbox=\box130
\colbreak@box=\box131
\mc@col@check@num=\count371
)
(c:/texlive/2021/texmf-dist/tex/latex/diagbox/diagbox.sty
Package: diagbox 2020/02/09 v2.3 Making table heads with diagonal lines

(c:/texlive/2021/texmf-dist/tex/latex/pict2e/pict2e.sty
Package: pict2e 2020/09/30 v0.4b Improved picture commands (HjG,RN,JT)

(c:/texlive/2021/texmf-dist/tex/latex/pict2e/pict2e.cfg
File: pict2e.cfg 2016/02/05 v0.1u pict2e configuration for teTeX/TeXLive
)
Package pict2e Info: Driver file: pdftex.def on input line 112.
Package pict2e Info: Driver file for pict2e: p2e-pdftex.def on input line 114.

(c:/texlive/2021/texmf-dist/tex/latex/pict2e/p2e-pdftex.def
File: p2e-pdftex.def 2016/02/05 v0.1u Driver-dependant file (RN,HjG,JT)
)
\pIIe@GRAPH=\toks55
\@arclen=\dimen357
\@arcrad=\dimen358
\pIIe@tempdima=\dimen359
\pIIe@tempdimb=\dimen360
\pIIe@tempdimc=\dimen361
\pIIe@tempdimd=\dimen362
\pIIe@tempdime=\dimen363
\pIIe@tempdimf=\dimen364
)
\diagbox@boxa=\box132
\diagbox@boxb=\box133
\diagbox@boxm=\box134
\diagbox@wd=\dimen365
\diagbox@ht=\dimen366
\diagbox@insepl=\dimen367
\diagbox@insepr=\dimen368
\diagbox@outsepl=\dimen369
\diagbox@outsepr=\dimen370
) (./E01.2.AC.aux

LaTeX Warning: Label `logic2' multiply defined.


LaTeX Warning: Label `logic2@cref' multiply defined.

)
\openout1 = `E01.2.AC.aux'.

LaTeX Font Info:    Checking defaults for OML/cmm/m/it on input line 16.
LaTeX Font Info:    ... okay on input line 16.
LaTeX Font Info:    Checking defaults for OMS/cmsy/m/n on input line 16.
LaTeX Font Info:    ... okay on input line 16.
LaTeX Font Info:    Checking defaults for OT1/cmr/m/n on input line 16.
LaTeX Font Info:    ... okay on input line 16.
LaTeX Font Info:    Checking defaults for T1/cmr/m/n on input line 16.
LaTeX Font Info:    ... okay on input line 16.
LaTeX Font Info:    Checking defaults for TS1/cmr/m/n on input line 16.
LaTeX Font Info:    ... okay on input line 16.
LaTeX Font Info:    Checking defaults for OMX/cmex/m/n on input line 16.
LaTeX Font Info:    ... okay on input line 16.
LaTeX Font Info:    Checking defaults for U/cmr/m/n on input line 16.
LaTeX Font Info:    ... okay on input line 16.
LaTeX Font Info:    Checking defaults for PD1/pdf/m/n on input line 16.
LaTeX Font Info:    ... okay on input line 16.
LaTeX Font Info:    Checking defaults for PU/pdf/m/n on input line 16.
LaTeX Font Info:    ... okay on input line 16.
Package hyperref Info: Link coloring ON on input line 16.
 (c:/texlive/2021/texmf-dist/tex/latex/hyperref/nameref.sty
Package: nameref 2021-04-02 v2.47 Cross-referencing by name of section

(c:/texlive/2021/texmf-dist/tex/latex/refcount/refcount.sty
Package: refcount 2019/12/15 v3.6 Data extraction from label references (HO)
)
(c:/texlive/2021/texmf-dist/tex/generic/gettitlestring/gettitlestring.sty
Package: gettitlestring 2019/12/15 v1.6 Cleanup title references (HO)
)
\c@section@level=\count372
)
LaTeX Info: Redefining \ref on input line 16.
LaTeX Info: Redefining \pageref on input line 16.
LaTeX Info: Redefining \nameref on input line 16.

(./E01.2.AC.out) (./E01.2.AC.out)
\@outlinefile=\write4
\openout4 = `E01.2.AC.out'.

Package translations Info: no dictionary file `translations-basic-dictionary-it
alian.trsl' found. on input line 16.

(c:/texlive/2021/texmf-dist/tex/context/base/mkii/supp-pdf.mkii
[Loading MPS to PDF converter (version 2006.09.02).]
\scratchcounter=\count373
\scratchdimen=\dimen371
\scratchbox=\box135
\nofMPsegments=\count374
\nofMParguments=\count375
\everyMPshowfont=\toks56
\MPscratchCnt=\count376
\MPscratchDim=\dimen372
\MPnumerator=\count377
\makeMPintoPDFobject=\count378
\everyMPtoPDFconversion=\toks57
) (c:/texlive/2021/texmf-dist/tex/latex/epstopdf-pkg/epstopdf-base.sty
Package: epstopdf-base 2020-01-24 v2.11 Base part for package epstopdf
Package epstopdf-base Info: Redefining graphics rule for `.eps' on input line 4
85.

(c:/texlive/2021/texmf-dist/tex/latex/latexconfig/epstopdf-sys.cfg
File: epstopdf-sys.cfg 2010/07/13 v1.3 Configuration of (r)epstopdf for TeX Liv
e
))
*geometry* driver: auto-detecting
*geometry* detected driver: pdftex
*geometry* verbose mode - [ preamble ] result:
* driver: pdftex
* paper: a4paper
* layout: <same size as paper>
* layoutoffset:(h,v)=(0.0pt,0.0pt)
* modes: 
* h-part:(L,W,R)=(56.9055pt, 483.69687pt, 56.9055pt)
* v-part:(T,H,B)=(56.9055pt, 731.23584pt, 56.9055pt)
* \paperwidth=597.50787pt
* \paperheight=845.04684pt
* \textwidth=483.69687pt
* \textheight=731.23584pt
* \oddsidemargin=-15.36449pt
* \evensidemargin=-15.36449pt
* \topmargin=-52.36449pt
* \headheight=12.0pt
* \headsep=25.0pt
* \topskip=10.0pt
* \footskip=30.0pt
* \marginparwidth=57.0pt
* \marginparsep=11.0pt
* \columnsep=10.0pt
* \skip\footins=9.0pt plus 4.0pt minus 2.0pt
* \hoffset=0.0pt
* \voffset=0.0pt
* \mag=1000
* \@twocolumnfalse
* \@twosidefalse
* \@mparswitchfalse
* \@reversemarginfalse
* (1in=72.27pt=25.4mm, 1cm=28.453pt)

Package caption Info: Begin \AtBeginDocument code.
Package caption Info: listings package is loaded.
Package caption Info: End \AtBeginDocument code.
LaTeX Info: Redefining \it@ocap on input line 16.
LaTeX Info: Redefining \it@ccap on input line 16.
Package pgfplots notification 'compat/show suggested version=true': you might b
enefit from \pgfplotsset{compat=1.18} (current compat level: 1.15).

\c@lstlisting=\count379
LaTeX Font Info:    Trying to load font information for U+msa on input line 18.

(c:/texlive/2021/texmf-dist/tex/latex/amsfonts/umsa.fd
File: umsa.fd 2013/01/14 v3.01 AMS symbols A
)
LaTeX Font Info:    Trying to load font information for U+msb on input line 18.


(c:/texlive/2021/texmf-dist/tex/latex/amsfonts/umsb.fd
File: umsb.fd 2013/01/14 v3.01 AMS symbols B
)
LaTeX Font Info:    Trying to load font information for T1+cmtt on input line 4
5.

(c:/texlive/2021/texmf-dist/tex/latex/base/t1cmtt.fd
File: t1cmtt.fd 2019/12/16 v2.5j Standard LaTeX font definitions
)

LaTeX Warning: cref reference format for label type `' undefined on input line 
51.

<../figs//SN7404.jpg, id=99, 983.675pt x 688.5725pt>
File: ../figs//SN7404.jpg Graphic file (type jpg)
<use ../figs//SN7404.jpg>
Package pdftex.def Info: ../figs//SN7404.jpg  used on input line 53.
(pdftex.def)             Requested size: 145.11053pt x 101.5688pt.

Package hyperref Warning: Token not allowed in a PDF string (Unicode):
(hyperref)                removing `math shift' on input line 93.


Package hyperref Warning: Token not allowed in a PDF string (Unicode):
(hyperref)                removing `math shift' on input line 93.


Package hyperref Warning: Token not allowed in a PDF string (Unicode):
(hyperref)                removing `subscript' on input line 93.


Package hyperref Warning: Token not allowed in a PDF string (Unicode):
(hyperref)                removing `math shift' on input line 93.


Package hyperref Warning: Token not allowed in a PDF string (Unicode):
(hyperref)                removing `math shift' on input line 93.


Package hyperref Warning: Token not allowed in a PDF string (Unicode):
(hyperref)                removing `subscript' on input line 93.


Package hyperref Warning: Token not allowed in a PDF string (Unicode):
(hyperref)                removing `math shift' on input line 93.


Package hyperref Warning: Token not allowed in a PDF string (Unicode):
(hyperref)                removing `math shift' on input line 93.

<../figs//trans.png, id=102, 849.77475pt x 337.26pt>
File: ../figs//trans.png Graphic file (type png)
<use ../figs//trans.png>
Package pdftex.def Info: ../figs//trans.png  used on input line 105.
(pdftex.def)             Requested size: 483.69687pt x 191.9726pt.
[1

{c:/texlive/2021/texmf-var/fonts/map/pdftex/updmap/pdftex.map} <../figs//SN7404
.jpg>]
<../figs//not_xy1.png, id=126, 289.08pt x 473.3685pt>
File: ../figs//not_xy1.png Graphic file (type png)
<use ../figs//not_xy1.png>
Package pdftex.def Info: ../figs//not_xy1.png  used on input line 124.
(pdftex.def)             Requested size: 115.62994pt x 189.34404pt.
<../figs//not_time1.png, id=127, 1152.7065pt x 553.46774pt>
File: ../figs//not_time1.png Graphic file (type png)
<use ../figs//not_time1.png>
Package pdftex.def Info: ../figs//not_time1.png  used on input line 129.
(pdftex.def)             Requested size: 483.69687pt x 232.24373pt.
<../figs//trans1.png, id=128, 849.77475pt x 489.027pt>
File: ../figs//trans1.png Graphic file (type png)
<use ../figs//trans1.png>
Package pdftex.def Info: ../figs//trans1.png  used on input line 139.
(pdftex.def)             Requested size: 339.90387pt x 195.60732pt.
 [2 <../figs//trans.png (PNG copy)>] [3 <../figs//not_xy1.png (PNG copy)> <../f
igs//not_time1.png (PNG copy)> <../figs//trans1.png (PNG copy)>]
[4]
<../figs//notdelay.png, id=151, 1027.84pt x 603.25375pt>
File: ../figs//notdelay.png Graphic file (type png)
<use ../figs//notdelay.png>
Package pdftex.def Info: ../figs//notdelay.png  used on input line 261.
(pdftex.def)             Requested size: 411.12872pt x 241.29723pt.
 [5 <../figs//notdelay.png>]
<../figs//LH1.jpg, id=160, 4047.12pt x 1967.35pt>
File: ../figs//LH1.jpg Graphic file (type jpg)
<use ../figs//LH1.jpg>
Package pdftex.def Info: ../figs//LH1.jpg  used on input line 297.
(pdftex.def)             Requested size: 483.69687pt x 235.11119pt.
<../figs//LH2.jpg, id=161, 971.3088pt x 728.4816pt>
File: ../figs//LH2.jpg Graphic file (type jpg)
<use ../figs//LH2.jpg>
Package pdftex.def Info: ../figs//LH2.jpg  used on input line 303.
(pdftex.def)             Requested size: 483.69687pt x 362.77263pt.
<../figs//HL1.jpg, id=162, 4047.12pt x 1967.35pt>
File: ../figs//HL1.jpg Graphic file (type jpg)
<use ../figs//HL1.jpg>
Package pdftex.def Info: ../figs//HL1.jpg  used on input line 309.
(pdftex.def)             Requested size: 483.69687pt x 235.11119pt.
<../figs//HL2.jpg, id=163, 971.3088pt x 728.4816pt>
File: ../figs//HL2.jpg Graphic file (type jpg)
<use ../figs//HL2.jpg>
Package pdftex.def Info: ../figs//HL2.jpg  used on input line 315.
(pdftex.def)             Requested size: 483.69687pt x 362.77263pt.
<../figs//carica.jpg, id=165, 971.3088pt x 728.4816pt>
File: ../figs//carica.jpg Graphic file (type jpg)
<use ../figs//carica.jpg>
Package pdftex.def Info: ../figs//carica.jpg  used on input line 335.
(pdftex.def)             Requested size: 483.69687pt x 362.77263pt.
<../figs//NAND.png, id=166, 215.6055pt x 180.675pt>
File: ../figs//NAND.png Graphic file (type png)
<use ../figs//NAND.png>
Package pdftex.def Info: ../figs//NAND.png  used on input line 352.
(pdftex.def)             Requested size: 483.69687pt x 405.35156pt.
 [6 <../figs//LH1.jpg>] [7 <../figs//LH2.jpg> <../figs//HL1.jpg>] [8 <../figs//
HL2.jpg>] [9 <../figs//carica.jpg>] [10 <../figs//NAND.png>]
<../figs//nand_time.png, id=197, 1152.7065pt x 505.89pt>
File: ../figs//nand_time.png Graphic file (type png)
<use ../figs//nand_time.png>
Package pdftex.def Info: ../figs//nand_time.png  used on input line 376.
(pdftex.def)             Requested size: 461.07443pt x 202.3524pt.
<../figs//NAND_OR.png, id=198, 428.802pt x 372.79276pt>
File: ../figs//NAND_OR.png Graphic file (type png)
<use ../figs//NAND_OR.png>
Package pdftex.def Info: ../figs//NAND_OR.png  used on input line 399.
(pdftex.def)             Requested size: 217.66211pt x 189.22871pt.
<../figs//or_time.png, id=199, 1152.7065pt x 553.46774pt>
File: ../figs//or_time.png Graphic file (type png)
<use ../figs//or_time.png>
Package pdftex.def Info: ../figs//or_time.png  used on input line 406.
(pdftex.def)             Requested size: 483.69687pt x 232.24373pt.
 [11 <../figs//nand_time.png (PNG copy)>] [12 <../figs//NAND_OR.png> <../figs//
or_time.png (PNG copy)>]
<../figs//NAND_MP.png, id=213, 419.166pt x 371.58826pt>
File: ../figs//NAND_MP.png Graphic file (type png)
<use ../figs//NAND_MP.png>
Package pdftex.def Info: ../figs//NAND_MP.png  used on input line 444.
(pdftex.def)             Requested size: 290.22107pt x 257.28069pt.
<../figs//pat2.png, id=214, 1152.7065pt x 519.74174pt>
File: ../figs//pat2.png Graphic file (type png)
<use ../figs//pat2.png>
Package pdftex.def Info: ../figs//pat2.png  used on input line 453.
(pdftex.def)             Requested size: 386.95897pt x 174.47342pt.
<../figs//Multiplex.png, id=215, 1152.7065pt x 505.89pt>
File: ../figs//Multiplex.png Graphic file (type png)
<use ../figs//Multiplex.png>
Package pdftex.def Info: ../figs//Multiplex.png  used on input line 459.
(pdftex.def)             Requested size: 386.95897pt x 169.82349pt.
 [13 <../figs//NAND_MP.png> <../figs//pat2.png (PNG copy)>]
<../figs//NAND_XOR.png, id=224, 362.5545pt x 333.04425pt>
File: ../figs//NAND_XOR.png Graphic file (type png)
<use ../figs//NAND_XOR.png>
Package pdftex.def Info: ../figs//NAND_XOR.png  used on input line 477.
(pdftex.def)             Requested size: 290.22107pt x 266.61362pt.
<../figs//xor_time.png, id=225, 1152.7065pt x 505.89pt>
File: ../figs//xor_time.png Graphic file (type png)
<use ../figs//xor_time.png>
Package pdftex.def Info: ../figs//xor_time.png  used on input line 484.
(pdftex.def)             Requested size: 386.95897pt x 169.82349pt.
<../figs//XOR.png, id=227, 689.57625pt x 449.68pt>
File: ../figs//XOR.png Graphic file (type png)
<use ../figs//XOR.png>
Package pdftex.def Info: ../figs//XOR.png  used on input line 500.
(pdftex.def)             Requested size: 145.11053pt x 94.6277pt.
<../figs//gb.png, id=228, 284.86424pt x 384.2355pt>
File: ../figs//gb.png Graphic file (type png)
<use ../figs//gb.png>
Package pdftex.def Info: ../figs//gb.png  used on input line 505.
(pdftex.def)             Requested size: 193.47948pt x 260.9718pt.


Package caption Warning: The option `hypcap=true' will be ignored for this
(caption)                particular \caption on input line 506.
See the caption package documentation for explanation.


Overfull \hbox (2.22166pt too wide) in paragraph at lines 495--509
$[]$ $[]$ 
 []

[14 <../figs//Multiplex.png (PNG copy)> <../figs//NAND_XOR.png>]
<../figs//graybin.png, id=237, 794.97pt x 478.78876pt>
File: ../figs//graybin.png Graphic file (type png)
<use ../figs//graybin.png>
Package pdftex.def Info: ../figs//graybin.png  used on input line 556.
(pdftex.def)             Requested size: 483.69687pt x 291.32283pt.
<../figs//gray20ns.png, id=238, 794.97pt x 478.78876pt>
File: ../figs//gray20ns.png Graphic file (type png)
<use ../figs//gray20ns.png>
Package pdftex.def Info: ../figs//gray20ns.png  used on input line 562.
(pdftex.def)             Requested size: 483.69687pt x 291.32283pt.

Underfull \hbox (badness 10000) in paragraph at lines 553--566

 []

[15 <../figs//xor_time.png (PNG copy)> <../figs//XOR.png> <../figs//gb.png>]
[16 <../figs//graybin.png (PNG copy)>]
<../figs//gray10ns.png, id=255, 794.97pt x 478.78876pt>
File: ../figs//gray10ns.png Graphic file (type png)
<use ../figs//gray10ns.png>
Package pdftex.def Info: ../figs//gray10ns.png  used on input line 569.
(pdftex.def)             Requested size: 483.69687pt x 291.32283pt.

Underfull \hbox (badness 10000) in paragraph at lines 572--574

 []

<../figs//half.png, id=257, 432.86719pt x 165.61874pt>
File: ../figs//half.png Graphic file (type png)
<use ../figs//half.png>
Package pdftex.def Info: ../figs//half.png  used on input line 582.
(pdftex.def)             Requested size: 290.22107pt x 111.04485pt.
<../figs//full.png, id=258, 1204.5pt x 578.16pt>
File: ../figs//full.png Graphic file (type png)
<use ../figs//full.png>
Package pdftex.def Info: ../figs//full.png  used on input line 589.
(pdftex.def)             Requested size: 290.22107pt x 139.3082pt.
<../figs//sum.png, id=259, 505.28775pt x 310.15875pt>
File: ../figs//sum.png Graphic file (type png)
<use ../figs//sum.png>
Package pdftex.def Info: ../figs//sum.png  used on input line 596.
(pdftex.def)             Requested size: 290.22107pt x 178.14586pt.
<../figs//sum_time.png, id=261, 1152.7065pt x 505.89pt>
File: ../figs//sum_time.png Graphic file (type png)
<use ../figs//sum_time.png>
Package pdftex.def Info: ../figs//sum_time.png  used on input line 605.
(pdftex.def)             Requested size: 483.69687pt x 212.27936pt.
<../figs//TAB_LED.png, id=263, 522.753pt x 234.27525pt>
File: ../figs//TAB_LED.png Graphic file (type png)
<use ../figs//TAB_LED.png>
Package pdftex.def Info: ../figs//TAB_LED.png  used on input line 614.
(pdftex.def)             Requested size: 386.95897pt x 173.41815pt.
[17 <../figs//gray20ns.png (PNG copy)>] [18 <../figs//gray10ns.png (PNG copy)> 
<../figs//half.png> <../figs//full.png>] [19 <../figs//sum.png> <../figs//sum_t
ime.png (PNG copy)> <../figs//TAB_LED.png>] (./E01.2.AC.aux)

LaTeX Warning: There were undefined references.


LaTeX Warning: There were multiply-defined labels.

Package rerunfilecheck Info: File `E01.2.AC.out' has not changed.
(rerunfilecheck)             Checksum: E1F4E74B9C43338C193B1C1D4706A7EE;5616.
 ) 
Here is how much of TeX's memory you used:
 56428 strings out of 479713
 1378541 string characters out of 5876923
 2174105 words of memory out of 10000000
 73323 multiletter control sequences out of 15000+600000
 419367 words of font info for 69 fonts, out of 8000000 for 9000
 418 hyphenation exceptions out of 8191
 122i,17n,125p,754b,796s stack positions out of 5000i,500n,10000p,200000b,80000s
{c:/texlive/2021/texmf-dist/fonts/enc/dvips/cm-super/cm-super-ts1.enc}{c:/tex
live/2021/texmf-dist/fonts/enc/dvips/cm-super/cm-super-t1.enc}<c:/texlive/2021/
texmf-dist/fonts/type1/public/amsfonts/cm/cmex10.pfb><c:/texlive/2021/texmf-dis
t/fonts/type1/public/amsfonts/cm/cmmi10.pfb><c:/texlive/2021/texmf-dist/fonts/t
ype1/public/amsfonts/cm/cmmi12.pfb><c:/texlive/2021/texmf-dist/fonts/type1/publ
ic/amsfonts/cm/cmmi7.pfb><c:/texlive/2021/texmf-dist/fonts/type1/public/amsfont
s/cm/cmr10.pfb><c:/texlive/2021/texmf-dist/fonts/type1/public/amsfonts/cm/cmr12
.pfb><c:/texlive/2021/texmf-dist/fonts/type1/public/amsfonts/cm/cmr7.pfb><c:/te
xlive/2021/texmf-dist/fonts/type1/public/amsfonts/cm/cmr8.pfb><c:/texlive/2021/
texmf-dist/fonts/type1/public/amsfonts/cm/cmsy10.pfb><c:/texlive/2021/texmf-dis
t/fonts/type1/public/cm-super/sfbx1000.pfb><c:/texlive/2021/texmf-dist/fonts/ty
pe1/public/cm-super/sfbx1200.pfb><c:/texlive/2021/texmf-dist/fonts/type1/public
/cm-super/sfbx1440.pfb><c:/texlive/2021/texmf-dist/fonts/type1/public/cm-super/
sfrm1000.pfb><c:/texlive/2021/texmf-dist/fonts/type1/public/cm-super/sfrm1200.p
fb><c:/texlive/2021/texmf-dist/fonts/type1/public/cm-super/sfrm1728.pfb><c:/tex
live/2021/texmf-dist/fonts/type1/public/cm-super/sfti1000.pfb><c:/texlive/2021/
texmf-dist/fonts/type1/public/cm-super/sftt1000.pfb>
Output written on E01.2.AC.pdf (19 pages, 13749462 bytes).
PDF statistics:
 386 PDF objects out of 1000 (max. 8388607)
 286 compressed objects within 3 object streams
 83 named destinations out of 1000 (max. 500000)
 347 words of extra memory for PDF output out of 10000 (max. 10000000)

